{"level":"INFO","message":"[3:23:40.055 PM]: Creating new connection object"}
{"level":"INFO","message":"[3:23:40.067 PM]: Creating Connection[id: 93210264-31c5-4b68-af5d-478a2b9d5eaf] with host: BQMUYVC-AU71955.snowflakecomputing.com, account: BQMUYVC-AU71955, accessUrl: https://BQMUYVC-AU71955.snowflakecomputing.com, user: KHANHLINH2003, role: undefined, database: BRITISH_AIRWAYS_DB, schema: RAW, warehouse: COMPUTE_WH, proxy was not configured, password is provided, region: undefined, authenticator: SNOWFLAKE, ocsp mode: FAIL_OPEN, os: win32, os version: 10.0.22631"}
{"level":"INFO","message":"[3:23:40.068 PM]: Connection[id: 93210264-31c5-4b68-af5d-478a2b9d5eaf] additional details: passcode in password is provided, passcode is not provided, private key is not provided, application: undefined, client name: snowflake-sdk, client version: 2.0.3, retry timeout: 300, private key path: undefined, private key pass is not provided, client store temporary credential: false, browser response timeout: 120000"}
{"level":"INFO","message":"[3:23:40.069 PM]: Connection[id: 93210264-31c5-4b68-af5d-478a2b9d5eaf] - connection object created successfully."}
{"level":"INFO","message":"[3:23:40.071 PM]: Connection[id: 93210264-31c5-4b68-af5d-478a2b9d5eaf] - connecting. Associated Snowflake domain: GLOBAL"}
{"level":"INFO","message":"[3:23:40.072 PM]: Connection[id: 93210264-31c5-4b68-af5d-478a2b9d5eaf] - authentication successful using: SNOWFLAKE"}
{"level":"INFO","message":"[3:23:40.073 PM]: Trying to initialize Easy Logging"}
{"level":"INFO","message":"[3:23:40.090 PM]: No client config detected."}
{"level":"INFO","message":"[3:23:40.090 PM]: No config file path found. Client config will not be used."}
{"level":"INFO","message":"[3:23:40.091 PM]: Easy Logging is disabled as no config has been found"}
{"level":"INFO","message":"[3:23:40.095 PM]: Connection[id: 93210264-31c5-4b68-af5d-478a2b9d5eaf] - connected successfully after 23.973699999973178 milliseconds"}
{"level":"INFO","message":"[3:25:01.350 PM]: Creating new connection object"}
{"level":"INFO","message":"[3:25:01.360 PM]: Creating Connection[id: 13abc504-329e-4aee-a29a-6e2535d0024f] with host: BQMUYVC-AU71955.snowflakecomputing.com, account: BQMUYVC-AU71955, accessUrl: https://BQMUYVC-AU71955.snowflakecomputing.com, user: KHANHLINH2003, role: undefined, database: BRITISH_AIRWAYS_DB, schema: RAW, warehouse: COMPUTE_WH, proxy was not configured, password is provided, region: undefined, authenticator: SNOWFLAKE, ocsp mode: FAIL_OPEN, os: win32, os version: 10.0.22631"}
{"level":"INFO","message":"[3:25:01.361 PM]: Connection[id: 13abc504-329e-4aee-a29a-6e2535d0024f] additional details: passcode in password is provided, passcode is not provided, private key is not provided, application: undefined, client name: snowflake-sdk, client version: 2.0.3, retry timeout: 300, private key path: undefined, private key pass is not provided, client store temporary credential: false, browser response timeout: 120000"}
{"level":"INFO","message":"[3:25:01.362 PM]: Connection[id: 13abc504-329e-4aee-a29a-6e2535d0024f] - connection object created successfully."}
{"level":"INFO","message":"[3:25:01.367 PM]: Connection[id: 13abc504-329e-4aee-a29a-6e2535d0024f] - connecting. Associated Snowflake domain: GLOBAL"}
{"level":"INFO","message":"[3:25:01.368 PM]: Connection[id: 13abc504-329e-4aee-a29a-6e2535d0024f] - authentication successful using: SNOWFLAKE"}
{"level":"INFO","message":"[3:25:01.369 PM]: Trying to initialize Easy Logging"}
{"level":"INFO","message":"[3:25:01.378 PM]: No client config detected."}
{"level":"INFO","message":"[3:25:01.378 PM]: No config file path found. Client config will not be used."}
{"level":"INFO","message":"[3:25:01.379 PM]: Easy Logging is disabled as no config has been found"}
{"level":"INFO","message":"[3:25:01.383 PM]: Connection[id: 13abc504-329e-4aee-a29a-6e2535d0024f] - connected successfully after 15.54149999981746 milliseconds"}
{"level":"INFO","message":"[3:28:38.402 PM]: Creating new connection object"}
{"level":"INFO","message":"[3:28:38.413 PM]: Creating Connection[id: 418e34b8-d9a3-4bde-ae5c-e3a2c0bd44e4] with host: BQMUYVC-AU71955.snowflakecomputing.com, account: BQMUYVC-AU71955, accessUrl: https://BQMUYVC-AU71955.snowflakecomputing.com, user: KHANHLINH2003, role: undefined, database: BRITISH_AIRWAYS_DB, schema: RAW, warehouse: COMPUTE_WH, proxy was not configured, password is provided, region: undefined, authenticator: SNOWFLAKE, ocsp mode: FAIL_OPEN, os: win32, os version: 10.0.22631"}
{"level":"INFO","message":"[3:28:38.414 PM]: Connection[id: 418e34b8-d9a3-4bde-ae5c-e3a2c0bd44e4] additional details: passcode in password is provided, passcode is not provided, private key is not provided, application: undefined, client name: snowflake-sdk, client version: 2.0.3, retry timeout: 300, private key path: undefined, private key pass is not provided, client store temporary credential: false, browser response timeout: 120000"}
{"level":"INFO","message":"[3:28:38.416 PM]: Connection[id: 418e34b8-d9a3-4bde-ae5c-e3a2c0bd44e4] - connection object created successfully."}
{"level":"INFO","message":"[3:28:38.422 PM]: Connection[id: 418e34b8-d9a3-4bde-ae5c-e3a2c0bd44e4] - connecting. Associated Snowflake domain: GLOBAL"}
{"level":"INFO","message":"[3:28:38.423 PM]: Connection[id: 418e34b8-d9a3-4bde-ae5c-e3a2c0bd44e4] - authentication successful using: SNOWFLAKE"}
{"level":"INFO","message":"[3:28:38.424 PM]: Trying to initialize Easy Logging"}
{"level":"INFO","message":"[3:28:38.426 PM]: No client config detected."}
{"level":"INFO","message":"[3:28:38.427 PM]: No config file path found. Client config will not be used."}
{"level":"INFO","message":"[3:28:38.427 PM]: Easy Logging is disabled as no config has been found"}
{"level":"INFO","message":"[3:28:38.431 PM]: Connection[id: 418e34b8-d9a3-4bde-ae5c-e3a2c0bd44e4] - connected successfully after 9.041599999880418 milliseconds"}
{"level":"INFO","message":"[3:31:27.995 PM]: Creating new connection object"}
{"level":"INFO","message":"[3:31:28.006 PM]: Creating Connection[id: 659f26d8-bb3b-4f48-85eb-e99390e9cd04] with host: BQMUYVC-AU71955.snowflakecomputing.com, account: BQMUYVC-AU71955, accessUrl: https://BQMUYVC-AU71955.snowflakecomputing.com, user: KHANHLINH2003, role: undefined, database: BRITISH_AIRWAYS_DB, schema: RAW, warehouse: COMPUTE_WH, proxy was not configured, password is provided, region: undefined, authenticator: SNOWFLAKE, ocsp mode: FAIL_OPEN, os: win32, os version: 10.0.22631"}
{"level":"INFO","message":"[3:31:28.008 PM]: Connection[id: 659f26d8-bb3b-4f48-85eb-e99390e9cd04] additional details: passcode in password is provided, passcode is not provided, private key is not provided, application: undefined, client name: snowflake-sdk, client version: 2.0.3, retry timeout: 300, private key path: undefined, private key pass is not provided, client store temporary credential: false, browser response timeout: 120000"}
{"level":"INFO","message":"[3:31:28.009 PM]: Connection[id: 659f26d8-bb3b-4f48-85eb-e99390e9cd04] - connection object created successfully."}
{"level":"INFO","message":"[3:31:28.014 PM]: Connection[id: 659f26d8-bb3b-4f48-85eb-e99390e9cd04] - connecting. Associated Snowflake domain: GLOBAL"}
{"level":"INFO","message":"[3:31:28.014 PM]: Connection[id: 659f26d8-bb3b-4f48-85eb-e99390e9cd04] - authentication successful using: SNOWFLAKE"}
{"level":"INFO","message":"[3:31:28.015 PM]: Trying to initialize Easy Logging"}
{"level":"INFO","message":"[3:31:28.017 PM]: No client config detected."}
{"level":"INFO","message":"[3:31:28.018 PM]: No config file path found. Client config will not be used."}
{"level":"INFO","message":"[3:31:28.018 PM]: Easy Logging is disabled as no config has been found"}
{"level":"INFO","message":"[3:31:28.022 PM]: Connection[id: 659f26d8-bb3b-4f48-85eb-e99390e9cd04] - connected successfully after 8.17630000016652 milliseconds"}
{"level":"INFO","message":"[5:21:38.905 PM]: Creating new connection object"}
{"level":"INFO","message":"[5:21:38.919 PM]: Creating Connection[id: ab973f0a-54a7-4490-a38a-1115a1518776] with host: BQMUYVC-AU71955.snowflakecomputing.com, account: BQMUYVC-AU71955, accessUrl: https://BQMUYVC-AU71955.snowflakecomputing.com, user: KHANHLINH2003, role: undefined, database: BRITISH_AIRWAYS_DB, schema: RAW, warehouse: COMPUTE_WH, proxy was not configured, password is provided, region: undefined, authenticator: SNOWFLAKE, ocsp mode: FAIL_OPEN, os: win32, os version: 10.0.22631"}
{"level":"INFO","message":"[5:21:38.920 PM]: Connection[id: ab973f0a-54a7-4490-a38a-1115a1518776] additional details: passcode in password is provided, passcode is not provided, private key is not provided, application: undefined, client name: snowflake-sdk, client version: 2.0.3, retry timeout: 300, private key path: undefined, private key pass is not provided, client store temporary credential: false, browser response timeout: 120000"}
{"level":"INFO","message":"[5:21:38.921 PM]: Connection[id: ab973f0a-54a7-4490-a38a-1115a1518776] - connection object created successfully."}
{"level":"INFO","message":"[5:21:57.634 PM]: Connection[id: ab973f0a-54a7-4490-a38a-1115a1518776] - connecting. Associated Snowflake domain: GLOBAL"}
{"level":"INFO","message":"[5:21:57.635 PM]: Connection[id: ab973f0a-54a7-4490-a38a-1115a1518776] - authentication successful using: SNOWFLAKE"}
{"level":"INFO","message":"[5:21:57.636 PM]: Trying to initialize Easy Logging"}
{"level":"INFO","message":"[5:21:57.637 PM]: No client config detected."}
{"level":"INFO","message":"[5:21:57.638 PM]: No config file path found. Client config will not be used."}
{"level":"INFO","message":"[5:21:57.639 PM]: Easy Logging is disabled as no config has been found"}
{"level":"INFO","message":"[5:21:57.642 PM]: Connection[id: ab973f0a-54a7-4490-a38a-1115a1518776] - connected successfully after 8.31369999999879 milliseconds"}
{"level":"INFO","message":"[5:22:58.168 PM]: Creating new connection object"}
{"level":"INFO","message":"[5:22:58.179 PM]: Creating Connection[id: 641dfb49-fc77-4a06-bbde-8207006926e6] with host: BQMUYVC-AU71955.snowflakecomputing.com, account: BQMUYVC-AU71955, accessUrl: https://BQMUYVC-AU71955.snowflakecomputing.com, user: KHANHLINH2003, role: undefined, database: BRITISH_AIRWAYS_DB, schema: RAW, warehouse: COMPUTE_WH, proxy was not configured, password is provided, region: undefined, authenticator: SNOWFLAKE, ocsp mode: FAIL_OPEN, os: win32, os version: 10.0.22631"}
{"level":"INFO","message":"[5:22:58.180 PM]: Connection[id: 641dfb49-fc77-4a06-bbde-8207006926e6] additional details: passcode in password is provided, passcode is not provided, private key is not provided, application: undefined, client name: snowflake-sdk, client version: 2.0.3, retry timeout: 300, private key path: undefined, private key pass is not provided, client store temporary credential: false, browser response timeout: 120000"}
{"level":"INFO","message":"[5:22:58.181 PM]: Connection[id: 641dfb49-fc77-4a06-bbde-8207006926e6] - connection object created successfully."}
{"level":"INFO","message":"[5:26:22.241 PM]: Creating new connection object"}
{"level":"INFO","message":"[5:26:22.258 PM]: Creating Connection[id: 16f072ca-844d-4f07-a449-8282a0a1b41b] with host: BQMUYVC-AU71955.snowflakecomputing.com, account: BQMUYVC-AU71955, accessUrl: https://BQMUYVC-AU71955.snowflakecomputing.com, user: KHANHLINH2003, role: undefined, database: BRITISH_AIRWAYS_DB, schema: RAW, warehouse: COMPUTE_WH, proxy was not configured, password is provided, region: undefined, authenticator: SNOWFLAKE, ocsp mode: FAIL_OPEN, os: win32, os version: 10.0.22631"}
{"level":"INFO","message":"[5:26:22.259 PM]: Connection[id: 16f072ca-844d-4f07-a449-8282a0a1b41b] additional details: passcode in password is provided, passcode is not provided, private key is not provided, application: undefined, client name: snowflake-sdk, client version: 2.0.3, retry timeout: 300, private key path: undefined, private key pass is not provided, client store temporary credential: false, browser response timeout: 120000"}
{"level":"INFO","message":"[5:26:22.261 PM]: Connection[id: 16f072ca-844d-4f07-a449-8282a0a1b41b] - connection object created successfully."}
{"level":"INFO","message":"[5:27:56.712 PM]: Creating new connection object"}
{"level":"INFO","message":"[5:27:56.723 PM]: Creating Connection[id: db716a51-eec6-4f85-aac0-1d9433b489cc] with host: BQMUYVC-AU71955.snowflakecomputing.com, account: BQMUYVC-AU71955, accessUrl: https://BQMUYVC-AU71955.snowflakecomputing.com, user: KHANHLINH2003, role: undefined, database: BRITISH_AIRWAYS_DB, schema: RAW, warehouse: COMPUTE_WH, proxy was not configured, password is provided, region: undefined, authenticator: SNOWFLAKE, ocsp mode: FAIL_OPEN, os: win32, os version: 10.0.22631"}
{"level":"INFO","message":"[5:27:56.724 PM]: Connection[id: db716a51-eec6-4f85-aac0-1d9433b489cc] additional details: passcode in password is provided, passcode is not provided, private key is not provided, application: undefined, client name: snowflake-sdk, client version: 2.0.3, retry timeout: 300, private key path: undefined, private key pass is not provided, client store temporary credential: false, browser response timeout: 120000"}
{"level":"INFO","message":"[5:27:56.725 PM]: Connection[id: db716a51-eec6-4f85-aac0-1d9433b489cc] - connection object created successfully."}
{"level":"INFO","message":"[5:28:55.501 PM]: Creating new connection object"}
{"level":"INFO","message":"[5:28:55.506 PM]: Creating Connection[id: 0b374a21-9a21-4d52-a1c5-faac943b95a9] with host: BQMUYVC-AU71955.snowflakecomputing.com, account: BQMUYVC-AU71955, accessUrl: https://BQMUYVC-AU71955.snowflakecomputing.com, user: KHANHLINH2003, role: undefined, database: BRITISH_AIRWAYS_DB, schema: RAW, warehouse: COMPUTE_WH, proxy was not configured, password is provided, region: undefined, authenticator: SNOWFLAKE, ocsp mode: FAIL_OPEN, os: win32, os version: 10.0.22631"}
{"level":"INFO","message":"[5:28:55.507 PM]: Connection[id: 0b374a21-9a21-4d52-a1c5-faac943b95a9] additional details: passcode in password is provided, passcode is not provided, private key is not provided, application: undefined, client name: snowflake-sdk, client version: 2.0.3, retry timeout: 300, private key path: undefined, private key pass is not provided, client store temporary credential: false, browser response timeout: 120000"}
{"level":"INFO","message":"[5:28:55.508 PM]: Connection[id: 0b374a21-9a21-4d52-a1c5-faac943b95a9] - connection object created successfully."}
{"level":"INFO","message":"[5:28:55.528 PM]: Connection[id: 0b374a21-9a21-4d52-a1c5-faac943b95a9] - connecting. Associated Snowflake domain: GLOBAL"}
{"level":"INFO","message":"[5:28:55.529 PM]: Connection[id: 0b374a21-9a21-4d52-a1c5-faac943b95a9] - authentication successful using: SNOWFLAKE"}
{"level":"INFO","message":"[5:28:55.530 PM]: Trying to initialize Easy Logging"}
{"level":"INFO","message":"[5:28:55.531 PM]: No client config detected."}
{"level":"INFO","message":"[5:28:55.531 PM]: No config file path found. Client config will not be used."}
{"level":"INFO","message":"[5:28:55.532 PM]: Easy Logging is disabled as no config has been found"}
{"level":"INFO","message":"[5:28:55.536 PM]: Connection[id: 0b374a21-9a21-4d52-a1c5-faac943b95a9] - connected successfully after 8.26160000008531 milliseconds"}
{"level":"INFO","message":"[7:31:21.677 PM]: Creating new connection object"}
{"level":"INFO","message":"[7:31:21.689 PM]: Creating Connection[id: f272ae5d-2e81-4dc6-8f78-e462396e348e] with host: BQMUYVC-AU71955.snowflakecomputing.com, account: BQMUYVC-AU71955, accessUrl: https://BQMUYVC-AU71955.snowflakecomputing.com, user: KHANHLINH2003, role: undefined, database: BRITISH_AIRWAYS_DB, schema: RAW, warehouse: COMPUTE_WH, proxy was not configured, password is provided, region: undefined, authenticator: SNOWFLAKE, ocsp mode: FAIL_OPEN, os: win32, os version: 10.0.22631"}
{"level":"INFO","message":"[7:31:21.691 PM]: Connection[id: f272ae5d-2e81-4dc6-8f78-e462396e348e] additional details: passcode in password is provided, passcode is not provided, private key is not provided, application: undefined, client name: snowflake-sdk, client version: 2.0.3, retry timeout: 300, private key path: undefined, private key pass is not provided, client store temporary credential: false, browser response timeout: 120000"}
{"level":"INFO","message":"[7:31:21.692 PM]: Connection[id: f272ae5d-2e81-4dc6-8f78-e462396e348e] - connection object created successfully."}
{"level":"INFO","message":"[7:31:21.735 PM]: Connection[id: f272ae5d-2e81-4dc6-8f78-e462396e348e] - connecting. Associated Snowflake domain: GLOBAL"}
{"level":"INFO","message":"[7:31:21.736 PM]: Connection[id: f272ae5d-2e81-4dc6-8f78-e462396e348e] - authentication successful using: SNOWFLAKE"}
{"level":"INFO","message":"[7:31:21.737 PM]: Trying to initialize Easy Logging"}
{"level":"INFO","message":"[7:31:21.742 PM]: No client config detected."}
{"level":"INFO","message":"[7:31:21.742 PM]: No config file path found. Client config will not be used."}
{"level":"INFO","message":"[7:31:21.743 PM]: Easy Logging is disabled as no config has been found"}
{"level":"INFO","message":"[7:31:21.747 PM]: Connection[id: f272ae5d-2e81-4dc6-8f78-e462396e348e] - connected successfully after 11.225800000000163 milliseconds"}
